<?xml version="1.0" encoding="UTF-8"?>
<!-- Generated by org.testng.reporters.JUnitReportReporter -->
<testsuite hostname="RIL-LT-SAURABH" failures="0" tests="1" name="TestProject.test.TestShaadi" time="6.608" errors="0" timestamp="13 Sep 2020 16:46:20 GMT" skipped="0">
  <testcase classname="TestProject.test.TestShaadi" name="test" time="6.608"/>
</testsuite> <!-- TestProject.test.TestShaadi -->
